#
# There is insufficient memory for the Java Runtime Environment to continue.
# Native memory allocation (malloc) failed to allocate 859216 bytes for Chunk::new
# Possible reasons:
#   The system is out of physical RAM or swap space
#   The process is running with CompressedOops enabled, and the Java Heap may be blocking the growth of the native heap
# Possible solutions:
#   Reduce memory load on the system
#   Increase physical memory or swap space
#   Check if swap backing store is full
#   Decrease Java heap size (-Xmx/-Xms)
#   Decrease number of Java threads
#   Decrease Java thread stack sizes (-Xss)
#   Set larger code cache with -XX:ReservedCodeCacheSize=
#   JVM is running with Unscaled Compressed Oops mode in which the Java heap is
#     placed in the first 4GB address space. The Java Heap base address is the
#     maximum limit for the native heap growth. Please use -XX:HeapBaseMinAddress
#     to set the Java Heap base and to place the Java Heap above 4GB virtual address.
# This output file may be truncated or incomplete.
#
#  Out of Memory Error (allocation.cpp:389), pid=6024, tid=0x0000000000004c04
#
# JRE version: OpenJDK Runtime Environment (8.0_242-b01) (build 1.8.0_242-release-1644-b01)
# Java VM: OpenJDK 64-Bit Server VM (25.242-b01 mixed mode windows-amd64 compressed oops)
# Failed to write core dump. Minidumps are not enabled by default on client versions of Windows
#

---------------  T H R E A D  ---------------

Current thread (0x000000001993d000):  JavaThread "C2 CompilerThread1" daemon [_thread_in_native, id=19460, stack(0x000000001b0a0000,0x000000001b1a0000)]

Stack: [0x000000001b0a0000,0x000000001b1a0000]
[error occurred during error reporting (printing stack bounds), id 0xc0000005]

Native frames: (J=compiled Java code, j=interpreted, Vv=VM code, C=native code)


Current CompileTask:
C2:1669564 19715       4       org.gradle.api.internal.artifacts.transform.TransformingAsyncArtifactListener::createTransformationResult (45 bytes)


---------------  P R O C E S S  ---------------

Java Threads: ( => current thread )
  0x000000001d9e5800 JavaThread "stdout" [_thread_in_native, id=12792, stack(0x00000000309f0000,0x0000000030af0000)]
  0x000000001d9e4800 JavaThread "stderr" [_thread_in_native, id=14292, stack(0x00000000308f0000,0x00000000309f0000)]
  0x000000001d9e4000 JavaThread "pool-7-thread-1" [_thread_blocked, id=4936, stack(0x00000000304f0000,0x00000000305f0000)]
  0x000000001d9e3000 JavaThread "WorkerExecutor Queue Thread 2" [_thread_blocked, id=3312, stack(0x00000000303f0000,0x00000000304f0000)]
  0x000000001d9e6000 JavaThread "WorkerExecutor Queue" [_thread_in_native, id=20084, stack(0x00000000302f0000,0x00000000303f0000)]
  0x000000001d9db000 JavaThread "Cache worker for execution history cache (C:\Projects\C4lculator\.gradle\6.5\executionHistory)" [_thread_blocked, id=15952, stack(0x00000000301f0000,0x00000000302f0000)]
  0x000000001d9e1800 JavaThread "Execution worker for ':' Thread 11" [_thread_blocked, id=16112, stack(0x00000000300f0000,0x00000000301f0000)]
  0x000000001d9e1000 JavaThread "Execution worker for ':' Thread 10" [_thread_blocked, id=1164, stack(0x000000002fff0000,0x00000000300f0000)]
  0x000000001d9da000 JavaThread "Execution worker for ':' Thread 9" [_thread_blocked, id=16288, stack(0x000000002fef0000,0x000000002fff0000)]
  0x000000001d9e0000 JavaThread "Execution worker for ':' Thread 8" [_thread_blocked, id=2136, stack(0x000000002fdf0000,0x000000002fef0000)]
  0x000000001d9de000 JavaThread "Execution worker for ':' Thread 7" [_thread_blocked, id=20024, stack(0x000000002fcf0000,0x000000002fdf0000)]
  0x000000001d9de800 JavaThread "Execution worker for ':' Thread 6" [_thread_blocked, id=6368, stack(0x000000002fbf0000,0x000000002fcf0000)]
  0x000000001d9dd000 JavaThread "Execution worker for ':' Thread 5" [_thread_blocked, id=19556, stack(0x000000002faf0000,0x000000002fbf0000)]
  0x000000001d9df800 JavaThread "Execution worker for ':' Thread 4" [_thread_blocked, id=11476, stack(0x000000002f9f0000,0x000000002faf0000)]
  0x000000001d9dc800 JavaThread "Execution worker for ':' Thread 3" [_thread_blocked, id=12732, stack(0x000000002f8f0000,0x000000002f9f0000)]
  0x000000001d9db800 JavaThread "Execution worker for ':' Thread 2" [_thread_blocked, id=12860, stack(0x000000002eb10000,0x000000002ec10000)]
  0x000000001d9d9800 JavaThread "Execution worker for ':'" [_thread_blocked, id=12832, stack(0x000000002e760000,0x000000002e860000)]
  0x000000002c187000 JavaThread "Cache worker for file content cache (C:\Projects\C4lculator\.gradle\6.5\fileContent)" [_thread_blocked, id=12476, stack(0x000000002aed0000,0x000000002afd0000)]
  0x000000002c185800 JavaThread "Cache worker for Build Output Cleanup Cache (C:\Projects\C4lculator\.gradle\buildOutputCleanup)" [_thread_blocked, id=19376, stack(0x000000002add0000,0x000000002aed0000)]
  0x000000002c182000 JavaThread "jar transforms Thread 276" [_thread_blocked, id=10256, stack(0x000000002acd0000,0x000000002add0000)]
  0x000000002c185000 JavaThread "jar transforms Thread 275" [_thread_blocked, id=19788, stack(0x000000002abd0000,0x000000002acd0000)]
  0x000000002c183800 JavaThread "jar transforms Thread 274" [_thread_blocked, id=6832, stack(0x000000002aad0000,0x000000002abd0000)]
  0x000000002c181000 JavaThread "jar transforms Thread 273" [_thread_blocked, id=2116, stack(0x000000002a9d0000,0x000000002aad0000)]
  0x000000001d4cb800 JavaThread "jar transforms Thread 272" [_thread_blocked, id=14264, stack(0x000000002a8d0000,0x000000002a9d0000)]
  0x000000001d4ca800 JavaThread "jar transforms Thread 271" [_thread_blocked, id=13892, stack(0x000000002a7d0000,0x000000002a8d0000)]
  0x000000001d4ca000 JavaThread "jar transforms Thread 270" [_thread_blocked, id=2492, stack(0x000000002a6d0000,0x000000002a7d0000)]
  0x000000001d4ce800 JavaThread "jar transforms Thread 269" [_thread_blocked, id=10780, stack(0x000000002a5d0000,0x000000002a6d0000)]
  0x000000001d4cf000 JavaThread "jar transforms Thread 268" [_thread_blocked, id=1040, stack(0x000000002a4d0000,0x000000002a5d0000)]
  0x000000001d4d0000 JavaThread "jar transforms Thread 267" [_thread_blocked, id=14996, stack(0x000000002a3d0000,0x000000002a4d0000)]
  0x000000001d4cd800 JavaThread "jar transforms Thread 266" [_thread_blocked, id=10996, stack(0x000000002a2d0000,0x000000002a3d0000)]
  0x000000001d4cd000 JavaThread "jar transforms Thread 265" [_thread_blocked, id=20116, stack(0x000000002a1d0000,0x000000002a2d0000)]
  0x000000001d521800 JavaThread "jar transforms Thread 264" [_thread_blocked, id=16012, stack(0x000000002a0d0000,0x000000002a1d0000)]
  0x000000001d520800 JavaThread "jar transforms Thread 263" [_thread_blocked, id=19988, stack(0x0000000029fd0000,0x000000002a0d0000)]
  0x000000001d51f000 JavaThread "jar transforms Thread 262" [_thread_blocked, id=19512, stack(0x0000000029ed0000,0x0000000029fd0000)]
  0x000000001d51e800 JavaThread "jar transforms Thread 261" [_thread_blocked, id=8288, stack(0x0000000029dd0000,0x0000000029ed0000)]
  0x000000001d51d800 JavaThread "jar transforms Thread 260" [_thread_blocked, id=15100, stack(0x0000000029cd0000,0x0000000029dd0000)]
  0x000000001d51c000 JavaThread "jar transforms Thread 259" [_thread_blocked, id=7912, stack(0x0000000029bd0000,0x0000000029cd0000)]
  0x000000001d51b800 JavaThread "jar transforms Thread 258" [_thread_blocked, id=6472, stack(0x0000000029ad0000,0x0000000029bd0000)]
  0x000000001d51d000 JavaThread "jar transforms Thread 257" [_thread_blocked, id=19944, stack(0x00000000299d0000,0x0000000029ad0000)]
  0x000000001d51a800 JavaThread "jar transforms Thread 256" [_thread_blocked, id=15604, stack(0x00000000298d0000,0x00000000299d0000)]
  0x000000001d51a000 JavaThread "jar transforms Thread 255" [_thread_blocked, id=4304, stack(0x00000000297d0000,0x00000000298d0000)]
  0x000000001d520000 JavaThread "jar transforms Thread 254" [_thread_blocked, id=15540, stack(0x00000000296d0000,0x00000000297d0000)]
  0x000000001d514000 JavaThread "jar transforms Thread 253" [_thread_blocked, id=10972, stack(0x00000000295d0000,0x00000000296d0000)]
  0x000000001d517000 JavaThread "jar transforms Thread 252" [_thread_blocked, id=14528, stack(0x00000000294d0000,0x00000000295d0000)]
  0x000000001d513000 JavaThread "jar transforms Thread 251" [_thread_blocked, id=11900, stack(0x00000000293d0000,0x00000000294d0000)]
  0x000000001c775000 JavaThread "jar transforms Thread 250" [_thread_blocked, id=7608, stack(0x00000000292d0000,0x00000000293d0000)]
  0x000000001c773000 JavaThread "jar transforms Thread 249" [_thread_blocked, id=2892, stack(0x00000000291d0000,0x00000000292d0000)]
  0x000000001c772000 JavaThread "jar transforms Thread 248" [_thread_blocked, id=14800, stack(0x00000000290d0000,0x00000000291d0000)]
  0x000000001c771800 JavaThread "jar transforms Thread 247" [_thread_blocked, id=5980, stack(0x0000000028fd0000,0x00000000290d0000)]
  0x000000001c774800 JavaThread "jar transforms Thread 246" [_thread_blocked, id=5988, stack(0x0000000028ed0000,0x0000000028fd0000)]
  0x000000001c773800 JavaThread "jar transforms Thread 245" [_thread_blocked, id=16052, stack(0x0000000028dd0000,0x0000000028ed0000)]
  0x000000001c76a000 JavaThread "jar transforms Thread 244" [_thread_blocked, id=16352, stack(0x0000000028cd0000,0x0000000028dd0000)]
  0x000000001c770800 JavaThread "jar transforms Thread 243" [_thread_blocked, id=6628, stack(0x0000000028bd0000,0x0000000028cd0000)]
  0x000000001c770000 JavaThread "jar transforms Thread 242" [_thread_blocked, id=17384, stack(0x0000000028ad0000,0x0000000028bd0000)]
  0x000000001c76f000 JavaThread "jar transforms Thread 241" [_thread_blocked, id=3148, stack(0x00000000289d0000,0x0000000028ad0000)]
  0x000000001c767800 JavaThread "jar transforms Thread 240" [_thread_blocked, id=3736, stack(0x00000000288d0000,0x00000000289d0000)]
  0x000000001c76e800 JavaThread "jar transforms Thread 239" [_thread_blocked, id=12232, stack(0x00000000287d0000,0x00000000288d0000)]
  0x000000001c768800 JavaThread "jar transforms Thread 238" [_thread_blocked, id=12788, stack(0x00000000286d0000,0x00000000287d0000)]
  0x000000001c76d800 JavaThread "jar transforms Thread 237" [_thread_blocked, id=11460, stack(0x00000000285d0000,0x00000000286d0000)]
  0x000000001c766000 JavaThread "jar transforms Thread 236" [_thread_blocked, id=13408, stack(0x00000000284d0000,0x00000000285d0000)]
  0x000000001c76d000 JavaThread "jar transforms Thread 235" [_thread_blocked, id=9792, stack(0x00000000283d0000,0x00000000284d0000)]
  0x000000002cc40800 JavaThread "jar transforms Thread 234" [_thread_blocked, id=19492, stack(0x00000000282d0000,0x00000000283d0000)]
  0x000000002cc44000 JavaThread "jar transforms Thread 233" [_thread_blocked, id=12624, stack(0x00000000281d0000,0x00000000282d0000)]
  0x000000002cc43800 JavaThread "jar transforms Thread 232" [_thread_blocked, id=13556, stack(0x00000000280d0000,0x00000000281d0000)]
  0x000000002cc3f800 JavaThread "jar transforms Thread 231" [_thread_blocked, id=15472, stack(0x0000000027fd0000,0x00000000280d0000)]
  0x000000002cc41000 JavaThread "jar transforms Thread 230" [_thread_blocked, id=11288, stack(0x0000000027ed0000,0x0000000027fd0000)]
  0x000000002cc42800 JavaThread "jar transforms Thread 229" [_thread_blocked, id=9060, stack(0x0000000027dd0000,0x0000000027ed0000)]
  0x000000002cc38000 JavaThread "jar transforms Thread 228" [_thread_blocked, id=12060, stack(0x0000000027cd0000,0x0000000027dd0000)]
  0x000000002cc39000 JavaThread "jar transforms Thread 227" [_thread_blocked, id=18208, stack(0x0000000027bd0000,0x0000000027cd0000)]
  0x000000002cc3d800 JavaThread "jar transforms Thread 226" [_thread_blocked, id=3236, stack(0x0000000027ad0000,0x0000000027bd0000)]
  0x000000002cc37800 JavaThread "jar transforms Thread 225" [_thread_blocked, id=13440, stack(0x00000000279d0000,0x0000000027ad0000)]
  0x000000002cc36000 JavaThread "jar transforms Thread 224" [_thread_blocked, id=13148, stack(0x00000000278d0000,0x00000000279d0000)]
  0x000000002cc3c800 JavaThread "jar transforms Thread 223" [_thread_blocked, id=14476, stack(0x00000000277d0000,0x00000000278d0000)]
  0x000000002cc39800 JavaThread "jar transforms Thread 222" [_thread_blocked, id=17828, stack(0x00000000276d0000,0x00000000277d0000)]
  0x000000002cc35000 JavaThread "jar transforms Thread 221" [_thread_blocked, id=18356, stack(0x00000000275d0000,0x00000000276d0000)]
  0x000000002cc36800 JavaThread "jar transforms Thread 220" [_thread_blocked, id=1756, stack(0x00000000274d0000,0x00000000275d0000)]
  0x000000002cc3c000 JavaThread "jar transforms Thread 219" [_thread_blocked, id=15240, stack(0x00000000273d0000,0x00000000274d0000)]
  0x000000002cc3b000 JavaThread "jar transforms Thread 218" [_thread_blocked, id=3740, stack(0x00000000272d0000,0x00000000273d0000)]
  0x000000002cc3a800 JavaThread "jar transforms Thread 217" [_thread_blocked, id=13604, stack(0x00000000270d0000,0x00000000271d0000)]
  0x000000002b8af000 JavaThread "jar transforms Thread 216" [_thread_blocked, id=8120, stack(0x0000000026fd0000,0x00000000270d0000)]
  0x000000002b8ab000 JavaThread "jar transforms Thread 215" [_thread_blocked, id=14392, stack(0x0000000026ed0000,0x0000000026fd0000)]
  0x000000002b8b2000 JavaThread "jar transforms Thread 214" [_thread_blocked, id=8540, stack(0x0000000026dd0000,0x0000000026ed0000)]
  0x000000002b8ae000 JavaThread "jar transforms Thread 213" [_thread_blocked, id=8084, stack(0x0000000026cd0000,0x0000000026dd0000)]
  0x000000002b8b0800 JavaThread "jar transforms Thread 212" [_thread_blocked, id=7012, stack(0x0000000026bd0000,0x0000000026cd0000)]
  0x000000002b8b1000 JavaThread "jar transforms Thread 211" [_thread_blocked, id=20000, stack(0x0000000026ad0000,0x0000000026bd0000)]
  0x000000002b8af800 JavaThread "jar transforms Thread 210" [_thread_blocked, id=19180, stack(0x00000000269d0000,0x0000000026ad0000)]
  0x000000002b8ad800 JavaThread "jar transforms Thread 209" [_thread_blocked, id=20472, stack(0x00000000268d0000,0x00000000269d0000)]
  0x000000002b8a3800 JavaThread "jar transforms Thread 208" [_thread_blocked, id=8852, stack(0x00000000267d0000,0x00000000268d0000)]
  0x000000002b8aa800 JavaThread "jar transforms Thread 207" [_thread_blocked, id=17188, stack(0x00000000266d0000,0x00000000267d0000)]
  0x000000002b8a4800 JavaThread "jar transforms Thread 206" [_thread_blocked, id=7860, stack(0x00000000265d0000,0x00000000266d0000)]
  0x000000002b8a6000 JavaThread "jar transforms Thread 205" [_thread_blocked, id=976, stack(0x00000000264d0000,0x00000000265d0000)]
  0x000000002b8a3000 JavaThread "jar transforms Thread 204" [_thread_blocked, id=20440, stack(0x00000000263d0000,0x00000000264d0000)]
  0x000000002b8a9800 JavaThread "jar transforms Thread 203" [_thread_blocked, id=19616, stack(0x00000000262d0000,0x00000000263d0000)]
  0x000000002b8a8000 JavaThread "jar transforms Thread 202" [_thread_blocked, id=1596, stack(0x00000000261d0000,0x00000000262d0000)]
  0x000000002b8a6800 JavaThread "jar transforms Thread 201" [_thread_blocked, id=12144, stack(0x00000000260d0000,0x00000000261d0000)]
  0x000000002b8a5000 JavaThread "jar transforms Thread 200" [_thread_blocked, id=16292, stack(0x0000000025fd0000,0x00000000260d0000)]
  0x000000002b8a9000 JavaThread "jar transforms Thread 199" [_thread_blocked, id=9564, stack(0x00000000242f0000,0x00000000243f0000)]
  0x000000001c8ee000 JavaThread "jar transforms Thread 198" [_thread_blocked, id=1296, stack(0x00000000239f0000,0x0000000023af0000)]
  0x000000001c8f4800 JavaThread "jar transforms Thread 197" [_thread_blocked, id=20036, stack(0x00000000238f0000,0x00000000239f0000)]
  0x000000001c8f1800 JavaThread "jar transforms Thread 196" [_thread_blocked, id=16396, stack(0x00000000237f0000,0x00000000238f0000)]
  0x000000001c8f0000 JavaThread "jar transforms Thread 195" [_thread_blocked, id=4816, stack(0x00000000234f0000,0x00000000235f0000)]
  0x000000001c8ed000 JavaThread "jar transforms Thread 194" [_thread_blocked, id=7936, stack(0x00000000233f0000,0x00000000234f0000)]
  0x000000001c8f4000 JavaThread "jar transforms Thread 193" [_thread_blocked, id=12164, stack(0x00000000232f0000,0x00000000233f0000)]
  0x000000001c8f3000 JavaThread "jar transforms Thread 192" [_thread_blocked, id=2620, stack(0x00000000231f0000,0x00000000232f0000)]
  0x000000001c8ef800 JavaThread "jar transforms Thread 191" [_thread_blocked, id=19600, stack(0x00000000230f0000,0x00000000231f0000)]
  0x000000001c8f2800 JavaThread "jar transforms Thread 190" [_thread_blocked, id=9312, stack(0x0000000022ff0000,0x00000000230f0000)]
  0x000000001c8f1000 JavaThread "jar transforms Thread 189" [_thread_blocked, id=18004, stack(0x0000000022ef0000,0x0000000022ff0000)]
  0x000000001c8e8800 JavaThread "jar transforms Thread 188" [_thread_blocked, id=14036, stack(0x0000000022df0000,0x0000000022ef0000)]
  0x000000001c8eb000 JavaThread "jar transforms Thread 187" [_thread_blocked, id=13524, stack(0x0000000022cf0000,0x0000000022df0000)]
  0x000000001c8ec800 JavaThread "jar transforms Thread 186" [_thread_blocked, id=13112, stack(0x0000000022bf0000,0x0000000022cf0000)]
  0x000000001c8ea000 JavaThread "jar transforms Thread 185" [_thread_blocked, id=6984, stack(0x0000000022af0000,0x0000000022bf0000)]
  0x000000001c8eb800 JavaThread "Build operations Thread 12" [_thread_blocked, id=15120, stack(0x00000000229f0000,0x0000000022af0000)]
  0x000000001c8ee800 JavaThread "Build operations Thread 11" [_thread_blocked, id=17120, stack(0x00000000228f0000,0x00000000229f0000)]
  0x000000001c8e9800 JavaThread "Build operations Thread 10" [_thread_blocked, id=19472, stack(0x00000000226f0000,0x00000000227f0000)]
  0x000000001c8e1000 JavaThread "Build operations Thread 9" [_thread_blocked, id=3792, stack(0x00000000225f0000,0x00000000226f0000)]
  0x000000001c8e7000 JavaThread "Build operations Thread 8" [_thread_blocked, id=11528, stack(0x00000000224f0000,0x00000000225f0000)]
  0x000000001c8e8000 JavaThread "Build operations Thread 7" [_thread_blocked, id=20332, stack(0x00000000223f0000,0x00000000224f0000)]
  0x000000001c8e6800 JavaThread "Build operations Thread 6" [_thread_blocked, id=14456, stack(0x00000000222f0000,0x00000000223f0000)]
  0x000000001c8e5800 JavaThread "Build operations Thread 5" [_thread_blocked, id=1560, stack(0x00000000221f0000,0x00000000222f0000)]
  0x000000001c8e5000 JavaThread "Build operations Thread 4" [_thread_blocked, id=12720, stack(0x00000000220f0000,0x00000000221f0000)]
  0x000000001c8e2800 JavaThread "Build operations Thread 3" [_thread_blocked, id=19664, stack(0x0000000021ff0000,0x00000000220f0000)]
  0x000000001c8e4000 JavaThread "Build operations Thread 2" [_thread_blocked, id=20380, stack(0x0000000021ef0000,0x0000000021ff0000)]
  0x000000001c8e2000 JavaThread "Build operations" [_thread_blocked, id=8452, stack(0x00000000219a0000,0x0000000021aa0000)]
  0x000000001c8df800 JavaThread "Cache worker for cache directory md-rule (C:\Users\ivank\.gradle\caches\6.5\md-rule)" [_thread_blocked, id=17908, stack(0x000000001f6d0000,0x000000001f7d0000)]
  0x000000001c8e3800 JavaThread "Cache worker for cache directory md-supplier (C:\Users\ivank\.gradle\caches\6.5\md-supplier)" [_thread_blocked, id=2236, stack(0x000000001f0d0000,0x000000001f1d0000)]
  0x000000001c8e0800 JavaThread "Cache worker for checksums cache (C:\Projects\C4lculator\.gradle\checksums)" [_thread_blocked, id=20316, stack(0x000000001edd0000,0x000000001eed0000)]
  0x000000001c8d8000 JavaThread "Cache worker for file hash cache (C:\Projects\C4lculator\.gradle\6.5\fileHashes)" [_thread_blocked, id=11216, stack(0x000000001ecd0000,0x000000001edd0000)]
  0x000000001c8de000 JavaThread "Thread-290" [_thread_blocked, id=17700, stack(0x000000001ebd0000,0x000000001ecd0000)]
  0x000000001c8d6800 JavaThread "Stdin handler" [_thread_blocked, id=2444, stack(0x000000001e8d0000,0x000000001e9d0000)]
  0x000000001c8da800 JavaThread "Asynchronous log dispatcher for DefaultDaemonConnection: socket connection from /127.0.0.1:59238 to /127.0.0.1:60217" [_thread_blocked, id=10336, stack(0x000000001e480000,0x000000001e580000)]
  0x000000001c8dd800 JavaThread "Daemon worker Thread 3" [_thread_blocked, id=19960, stack(0x000000001e380000,0x000000001e480000)]
  0x000000001c8db000 JavaThread "Cancel handler" [_thread_blocked, id=12936, stack(0x0000000001220000,0x0000000001320000)]
  0x000000001c8d7800 JavaThread "Handler for socket connection from /127.0.0.1:59238 to /127.0.0.1:60217" [_thread_in_native, id=7032, stack(0x0000000001120000,0x0000000001220000)]
  0x000000001c8d9000 JavaThread "Daemon Thread 3" [_thread_blocked, id=20336, stack(0x0000000001020000,0x0000000001120000)]
  0x000000001c8dc000 JavaThread "Cache worker for Java compile cache (C:\Users\ivank\.gradle\caches\6.5\javaCompile)" [_thread_blocked, id=12952, stack(0x00000000307f0000,0x00000000308f0000)]
  0x000000002c184000 JavaThread "MarlinRenderer Disposer" daemon [_thread_blocked, id=8268, stack(0x0000000031590000,0x0000000031690000)]
  0x000000002c180800 JavaThread "Java2D Disposer" daemon [_thread_blocked, id=20040, stack(0x00000000311f0000,0x00000000312f0000)]
  0x000000001c76b800 JavaThread "Memory manager" [_thread_blocked, id=20216, stack(0x00000000271d0000,0x00000000272d0000)]
  0x000000001d517800 JavaThread "Cache worker for file content cache (C:\Users\ivank\.gradle\caches\6.5\fileContent)" [_thread_blocked, id=13432, stack(0x00000000241f0000,0x00000000242f0000)]
  0x000000001d516000 JavaThread "Cache worker for execution history cache (C:\Users\ivank\.gradle\caches\6.5\executionHistory)" [_thread_blocked, id=19560, stack(0x0000000023cf0000,0x0000000023df0000)]
  0x000000001d4cc000 JavaThread "Cache worker for file hash cache (C:\Users\ivank\.gradle\caches\6.5\fileHashes)" [_thread_blocked, id=11628, stack(0x000000001f5d0000,0x000000001f6d0000)]
  0x000000001d4c9000 JavaThread "File lock request listener" [_thread_in_native, id=19768, stack(0x000000001f4d0000,0x000000001f5d0000)]
  0x000000001b6e3800 JavaThread "Cache worker for journal cache (C:\Users\ivank\.gradle\caches\journal-1)" [_thread_blocked, id=2760, stack(0x000000001f3d0000,0x000000001f4d0000)]
  0x000000001d147800 JavaThread "Daemon periodic checks" [_thread_blocked, id=19592, stack(0x000000001e7d0000,0x000000001e8d0000)]
  0x000000001d140800 JavaThread "Incoming local TCP Connector on port 59238" [_thread_in_native, id=10276, stack(0x000000001e580000,0x000000001e680000)]
  0x000000001d07c800 JavaThread "Daemon health stats" [_thread_blocked, id=9240, stack(0x000000001df40000,0x000000001e040000)]
  0x00000000199d2000 JavaThread "Service Thread" daemon [_thread_blocked, id=12464, stack(0x000000001b3a0000,0x000000001b4a0000)]
  0x0000000019947000 JavaThread "C1 CompilerThread3" daemon [_thread_blocked, id=12612, stack(0x000000001b2a0000,0x000000001b3a0000)]
  0x0000000019946800 JavaThread "C2 CompilerThread2" daemon [_thread_in_native, id=18788, stack(0x000000001b1a0000,0x000000001b2a0000)]
=>0x000000001993d000 JavaThread "C2 CompilerThread1" daemon [_thread_in_native, id=19460, stack(0x000000001b0a0000,0x000000001b1a0000)]
  0x0000000019937000 JavaThread "C2 CompilerThread0" daemon [_thread_in_native, id=17456, stack(0x000000001afa0000,0x000000001b0a0000)]
  0x0000000019932800 JavaThread "Attach Listener" daemon [_thread_blocked, id=1896, stack(0x000000001aea0000,0x000000001afa0000)]
  0x0000000019931800 JavaThread "Signal Dispatcher" daemon [_thread_blocked, id=8664, stack(0x000000001ada0000,0x000000001aea0000)]
  0x0000000018262000 JavaThread "Finalizer" daemon [_thread_blocked, id=7212, stack(0x000000001ab90000,0x000000001ac90000)]
  0x0000000019923000 JavaThread "Reference Handler" daemon [_thread_blocked, id=12340, stack(0x000000001aa90000,0x000000001ab90000)]
  0x0000000002dee800 JavaThread "main" [_thread_blocked, id=8820, stack(0x0000000002df0000,0x0000000002ef0000)]

Other Threads:
  0x0000000018255800 VMThread [stack: 0x000000001a990000,0x000000001aa90000] [id=12124]
  0x000000001998d800 WatcherThread [stack: 0x000000001b4a0000,0x000000001b5a0000] [id=14340]

VM state:not at safepoint (normal execution)

VM Mutex/Monitor currently owned by a thread: None

heap address: 0x0000000080000000, size: 2048 MB, Compressed Oops mode: 32-bit
Narrow klass base: 0x0000000000000000, Narrow klass shift: 3
Compressed class space size: 1073741824 Address: 0x0000000100000000

Heap:
 PSYoungGen      total 539648K, used 271313K [0x00000000d5580000, 0x0000000100000000, 0x0000000100000000)
  eden space 498688K, 46% used [0x00000000d5580000,0x00000000e3677f48,0x00000000f3c80000)
  from space 40960K, 99% used [0x00000000f3c80000,0x00000000f647c768,0x00000000f6480000)
  to   space 53248K, 0% used [0x00000000fcc00000,0x00000000fcc00000,0x0000000100000000)
 ParOldGen       total 287744K, used 74589K [0x0000000080000000, 0x0000000091900000, 0x00000000d5580000)
  object space 287744K, 25% used [0x0000000080000000,0x00000000848d77c0,0x0000000091900000)
 Metaspace       used 113793K, capacity 120072K, committed 120408K, reserved 1153024K
  class space    used 14960K, capacity 16162K, committed 16256K, reserved 1048576K

Card table byte_map: [0x00000000123b0000,0x00000000127c0000] byte_map_base: 0x0000000011fb0000

Marking Bits: (ParMarkBitMap*) 0x00000000668af030
 Begin Bits: [0x0000000013470000, 0x0000000015470000)
 End Bits:   [0x0000000015470000, 0x0000000017470000)

Polling page: 0x0000000000e00000

CodeCache: size=245760Kb used=50904Kb max_used=50918Kb free=194855Kb
 bounds [0x0000000002ff0000, 0x00000000061f0000, 0x0000000011ff0000]
 total_blobs=17017 nmethods=15953 adapters=975
 compilation: enabled

Compilation events (10 events):
Event: 1669.444 Thread 0x000000001993d000 nmethod 19714 0x00000000061e5750 code [0x00000000061e5980, 0x00000000061e66f0]
Event: 1669.444 Thread 0x000000001993d000 19715       4       org.gradle.api.internal.artifacts.transform.TransformingAsyncArtifactListener::createTransformationResult (45 bytes)
Event: 1669.463 Thread 0x0000000019946800 nmethod 19710 0x00000000061e7a10 code [0x00000000061e7ce0, 0x00000000061e93e8]
Event: 1669.463 Thread 0x0000000019946800 19717       4       org.gradle.api.internal.artifacts.transform.CacheableInvocation$1::getCachedResult (22 bytes)
Event: 1669.472 Thread 0x0000000019946800 nmethod 19717 0x00000000061e2a90 code [0x00000000061e2c40, 0x00000000061e31a8]
Event: 1669.473 Thread 0x0000000019946800 19718       4       org.gradle.api.internal.artifacts.transform.DefaultTransformerInvocationFactory$1::getCachedResult (25 bytes)
Event: 1669.478 Thread 0x0000000019946800 nmethod 19718 0x00000000061e1f10 code [0x00000000061e20a0, 0x00000000061e2448]
Event: 1669.478 Thread 0x0000000019946800 19721       4       java.io.ObjectInputStream::readObject (7 bytes)
Event: 1669.496 Thread 0x0000000019946800 nmethod 19721 0x00000000061e40d0 code [0x00000000061e42a0, 0x00000000061e4c30]
Event: 1669.496 Thread 0x0000000019946800 19716       4       org.gradle.api.internal.artifacts.transform.TransformingAsyncArtifactListener::artifactAvailable (98 bytes)

GC Heap History (10 events):
Event: 292.843 GC heap before
{Heap before GC invocations=13 (full 3):
 PSYoungGen      total 373248K, used 373233K [0x00000000d5580000, 0x00000000f2f80000, 0x0000000100000000)
  eden space 349184K, 100% used [0x00000000d5580000,0x00000000eaa80000,0x00000000eaa80000)
  from space 24064K, 99% used [0x00000000eaa80000,0x00000000ec1fc798,0x00000000ec200000)
  to   space 30208K, 0% used [0x00000000f1200000,0x00000000f1200000,0x00000000f2f80000)
 ParOldGen       total 194048K, used 43525K [0x0000000080000000, 0x000000008bd80000, 0x00000000d5580000)
  object space 194048K, 22% used [0x0000000080000000,0x0000000082a815a0,0x000000008bd80000)
 Metaspace       used 91504K, capacity 95898K, committed 95960K, reserved 1132544K
  class space    used 12087K, capacity 13018K, committed 13056K, reserved 1048576K
Event: 292.892 GC heap after
Heap after GC invocations=13 (full 3):
 PSYoungGen      total 442368K, used 30193K [0x00000000d5580000, 0x00000000f3c00000, 0x0000000100000000)
  eden space 412160K, 0% used [0x00000000d5580000,0x00000000d5580000,0x00000000ee800000)
  from space 30208K, 99% used [0x00000000f1200000,0x00000000f2f7c728,0x00000000f2f80000)
  to   space 43008K, 0% used [0x00000000ee800000,0x00000000ee800000,0x00000000f1200000)
 ParOldGen       total 194048K, used 66988K [0x0000000080000000, 0x000000008bd80000, 0x00000000d5580000)
  object space 194048K, 34% used [0x0000000080000000,0x000000008416b1b0,0x000000008bd80000)
 Metaspace       used 91504K, capacity 95898K, committed 95960K, reserved 1132544K
  class space    used 12087K, capacity 13018K, committed 13056K, reserved 1048576K
}
Event: 293.730 GC heap before
{Heap before GC invocations=14 (full 3):
 PSYoungGen      total 442368K, used 107825K [0x00000000d5580000, 0x00000000f3c00000, 0x0000000100000000)
  eden space 412160K, 18% used [0x00000000d5580000,0x00000000da14fea0,0x00000000ee800000)
  from space 30208K, 99% used [0x00000000f1200000,0x00000000f2f7c728,0x00000000f2f80000)
  to   space 43008K, 0% used [0x00000000ee800000,0x00000000ee800000,0x00000000f1200000)
 ParOldGen       total 194048K, used 66988K [0x0000000080000000, 0x000000008bd80000, 0x00000000d5580000)
  object space 194048K, 34% used [0x0000000080000000,0x000000008416b1b0,0x000000008bd80000)
 Metaspace       used 93911K, capacity 98294K, committed 98380K, reserved 1134592K
  class space    used 12392K, capacity 13304K, committed 13312K, reserved 1048576K
Event: 293.756 GC heap after
Heap after GC invocations=14 (full 3):
 PSYoungGen      total 455168K, used 4374K [0x00000000d5580000, 0x00000000f8e80000, 0x0000000100000000)
  eden space 412160K, 0% used [0x00000000d5580000,0x00000000d5580000,0x00000000ee800000)
  from space 43008K, 10% used [0x00000000ee800000,0x00000000eec459a8,0x00000000f1200000)
  to   space 43008K, 0% used [0x00000000f6480000,0x00000000f6480000,0x00000000f8e80000)
 ParOldGen       total 194048K, used 96972K [0x0000000080000000, 0x000000008bd80000, 0x00000000d5580000)
  object space 194048K, 49% used [0x0000000080000000,0x0000000085eb3160,0x000000008bd80000)
 Metaspace       used 93911K, capacity 98294K, committed 98380K, reserved 1134592K
  class space    used 12392K, capacity 13304K, committed 13312K, reserved 1048576K
}
Event: 293.756 GC heap before
{Heap before GC invocations=15 (full 4):
 PSYoungGen      total 455168K, used 4374K [0x00000000d5580000, 0x00000000f8e80000, 0x0000000100000000)
  eden space 412160K, 0% used [0x00000000d5580000,0x00000000d5580000,0x00000000ee800000)
  from space 43008K, 10% used [0x00000000ee800000,0x00000000eec459a8,0x00000000f1200000)
  to   space 43008K, 0% used [0x00000000f6480000,0x00000000f6480000,0x00000000f8e80000)
 ParOldGen       total 194048K, used 96972K [0x0000000080000000, 0x000000008bd80000, 0x00000000d5580000)
  object space 194048K, 49% used [0x0000000080000000,0x0000000085eb3160,0x000000008bd80000)
 Metaspace       used 93911K, capacity 98294K, committed 98380K, reserved 1134592K
  class space    used 12392K, capacity 13304K, committed 13312K, reserved 1048576K
Event: 293.933 GC heap after
Heap after GC invocations=15 (full 4):
 PSYoungGen      total 455168K, used 0K [0x00000000d5580000, 0x00000000f8e80000, 0x0000000100000000)
  eden space 412160K, 0% used [0x00000000d5580000,0x00000000d5580000,0x00000000ee800000)
  from space 43008K, 0% used [0x00000000ee800000,0x00000000ee800000,0x00000000f1200000)
  to   space 43008K, 0% used [0x00000000f6480000,0x00000000f6480000,0x00000000f8e80000)
 ParOldGen       total 287744K, used 58473K [0x0000000080000000, 0x0000000091900000, 0x00000000d5580000)
  object space 287744K, 20% used [0x0000000080000000,0x000000008391a4a8,0x0000000091900000)
 Metaspace       used 93817K, capacity 97986K, committed 98380K, reserved 1134592K
  class space    used 12363K, capacity 13252K, committed 13312K, reserved 1048576K
}
Event: 297.900 GC heap before
{Heap before GC invocations=16 (full 4):
 PSYoungGen      total 455168K, used 412160K [0x00000000d5580000, 0x00000000f8e80000, 0x0000000100000000)
  eden space 412160K, 100% used [0x00000000d5580000,0x00000000ee800000,0x00000000ee800000)
  from space 43008K, 0% used [0x00000000ee800000,0x00000000ee800000,0x00000000f1200000)
  to   space 43008K, 0% used [0x00000000f6480000,0x00000000f6480000,0x00000000f8e80000)
 ParOldGen       total 287744K, used 58473K [0x0000000080000000, 0x0000000091900000, 0x00000000d5580000)
  object space 287744K, 20% used [0x0000000080000000,0x000000008391a4a8,0x0000000091900000)
 Metaspace       used 101767K, capacity 106890K, committed 106968K, reserved 1142784K
  class space    used 13503K, capacity 14538K, committed 14592K, reserved 1048576K
Event: 297.917 GC heap after
Heap after GC invocations=16 (full 4):
 PSYoungGen      total 541184K, used 17887K [0x00000000d5580000, 0x00000000f8e00000, 0x0000000100000000)
  eden space 498688K, 0% used [0x00000000d5580000,0x00000000d5580000,0x00000000f3c80000)
  from space 42496K, 42% used [0x00000000f6480000,0x00000000f75f7df0,0x00000000f8e00000)
  to   space 40960K, 0% used [0x00000000f3c80000,0x00000000f3c80000,0x00000000f6480000)
 ParOldGen       total 287744K, used 58481K [0x0000000080000000, 0x0000000091900000, 0x00000000d5580000)
  object space 287744K, 20% used [0x0000000080000000,0x000000008391c4a8,0x0000000091900000)
 Metaspace       used 101767K, capacity 106890K, committed 106968K, reserved 1142784K
  class space    used 13503K, capacity 14538K, committed 14592K, reserved 1048576K
}
Event: 302.439 GC heap before
{Heap before GC invocations=17 (full 4):
 PSYoungGen      total 541184K, used 516575K [0x00000000d5580000, 0x00000000f8e00000, 0x0000000100000000)
  eden space 498688K, 100% used [0x00000000d5580000,0x00000000f3c80000,0x00000000f3c80000)
  from space 42496K, 42% used [0x00000000f6480000,0x00000000f75f7df0,0x00000000f8e00000)
  to   space 40960K, 0% used [0x00000000f3c80000,0x00000000f3c80000,0x00000000f6480000)
 ParOldGen       total 287744K, used 58481K [0x0000000080000000, 0x0000000091900000, 0x00000000d5580000)
  object space 287744K, 20% used [0x0000000080000000,0x000000008391c4a8,0x0000000091900000)
 Metaspace       used 112343K, capacity 118508K, committed 118744K, reserved 1153024K
  class space    used 14814K, capacity 16002K, committed 16128K, reserved 1048576K
Event: 302.498 GC heap after
Heap after GC invocations=17 (full 4):
 PSYoungGen      total 539648K, used 40945K [0x00000000d5580000, 0x0000000100000000, 0x0000000100000000)
  eden space 498688K, 0% used [0x00000000d5580000,0x00000000d5580000,0x00000000f3c80000)
  from space 40960K, 99% used [0x00000000f3c80000,0x00000000f647c768,0x00000000f6480000)
  to   space 53248K, 0% used [0x00000000fcc00000,0x00000000fcc00000,0x0000000100000000)
 ParOldGen       total 287744K, used 74589K [0x0000000080000000, 0x0000000091900000, 0x00000000d5580000)
  object space 287744K, 25% used [0x0000000080000000,0x00000000848d77c0,0x0000000091900000)
 Metaspace       used 112343K, capacity 118508K, committed 118744K, reserved 1153024K
  class space    used 14814K, capacity 16002K, committed 16128K, reserved 1048576K
}

Deoptimization events (10 events):
Event: 1668.927 Thread 0x000000001c8dd800 Uncommon trap: reason=class_check action=maybe_recompile pc=0x00000000040d0620 method=com.sun.org.apache.xerces.internal.impl.XMLDocumentFragmentScannerImpl.setProperty(Ljava/lang/String;Ljava/lang/Object;)V @ 73
Event: 1668.927 Thread 0x000000001c8dd800 Uncommon trap: reason=class_check action=maybe_recompile pc=0x0000000004ee20ac method=com.sun.org.apache.xerces.internal.impl.XMLEntityManager.setProperty(Ljava/lang/String;Ljava/lang/Object;)V @ 102
Event: 1668.935 Thread 0x000000001c8dd800 Uncommon trap: reason=class_check action=maybe_recompile pc=0x00000000040d0620 method=com.sun.org.apache.xerces.internal.impl.XMLDocumentFragmentScannerImpl.setProperty(Ljava/lang/String;Ljava/lang/Object;)V @ 73
Event: 1668.936 Thread 0x000000001c8dd800 Uncommon trap: reason=class_check action=maybe_recompile pc=0x0000000004ee20ac method=com.sun.org.apache.xerces.internal.impl.XMLEntityManager.setProperty(Ljava/lang/String;Ljava/lang/Object;)V @ 102
Event: 1668.957 Thread 0x000000001c8dd800 Uncommon trap: reason=class_check action=maybe_recompile pc=0x000000000486d25c method=java.util.Spliterators$ArraySpliterator.tryAdvance(Ljava/util/function/Consumer;)Z @ 49
Event: 1668.996 Thread 0x000000001d9d9800 Uncommon trap: reason=class_check action=maybe_recompile pc=0x0000000004cdb584 method=com.sun.org.apache.xerces.internal.impl.XMLDocumentFragmentScannerImpl.setProperty(Ljava/lang/String;Ljava/lang/Object;)V @ 73
Event: 1669.084 Thread 0x000000001c8e2000 Uncommon trap: reason=unstable_if action=reinterpret pc=0x000000000543cd8c method=java.util.concurrent.ConcurrentHashMap.transfer([Ljava/util/concurrent/ConcurrentHashMap$Node;[Ljava/util/concurrent/ConcurrentHashMap$Node;)V @ 34
Event: 1669.089 Thread 0x000000001d9d9800 Uncommon trap: reason=unstable_if action=reinterpret pc=0x00000000047c2980 method=java.util.concurrent.ConcurrentHashMap.replaceNode(Ljava/lang/Object;Ljava/lang/Object;Ljava/lang/Object;)Ljava/lang/Object; @ 62
Event: 1669.246 Thread 0x000000001d9d9800 Uncommon trap: reason=unstable_if action=reinterpret pc=0x00000000045bfbec method=org.gradle.internal.snapshot.VfsRelativePath.compareToFirstSegment(Ljava/lang/String;Lorg/gradle/internal/snapshot/CaseSensitivity;)I @ 134
Event: 1669.373 Thread 0x000000001c8ee800 Uncommon trap: reason=unstable_if action=reinterpret pc=0x0000000005432ee4 method=java.util.concurrent.ConcurrentLinkedQueue.poll()Ljava/lang/Object; @ 74

Classes redefined (0 events):
No events

Internal exceptions (10 events):
Event: 301.474 Thread 0x000000002b8ad800 Exception <a 'sun/nio/fs/WindowsException'> (0x00000000ee3625d0) thrown at [C:\src\AOSP-openjdk-git\hotspot\src\share\vm\prims\jni.cpp, line 710]
Event: 301.475 Thread 0x000000002b8ad800 Exception <a 'sun/nio/fs/WindowsException'> (0x00000000ee369f10) thrown at [C:\src\AOSP-openjdk-git\hotspot\src\share\vm\prims\jni.cpp, line 710]
Event: 301.478 Thread 0x000000002b8ad800 Exception <a 'sun/nio/fs/WindowsException'> (0x00000000ee381d38) thrown at [C:\src\AOSP-openjdk-git\hotspot\src\share\vm\prims\jni.cpp, line 710]
Event: 301.480 Thread 0x000000002b8ad800 Exception <a 'sun/nio/fs/WindowsException'> (0x00000000ee38b8d8) thrown at [C:\src\AOSP-openjdk-git\hotspot\src\share\vm\prims\jni.cpp, line 710]
Event: 301.780 Thread 0x000000001c8da800 Exception <a 'sun/nio/fs/WindowsException'> (0x00000000eed073e0) thrown at [C:\src\AOSP-openjdk-git\hotspot\src\share\vm\prims\jni.cpp, line 710]
Event: 303.265 Thread 0x000000001c8e1000 Exception <a 'sun/nio/fs/WindowsException'> (0x00000000dafd1100) thrown at [C:\src\AOSP-openjdk-git\hotspot\src\share\vm\prims\jni.cpp, line 710]
Event: 303.387 Thread 0x000000001c8d6800 Exception <a 'sun/nio/fs/WindowsException'> (0x00000000dbbd5de0) thrown at [C:\src\AOSP-openjdk-git\hotspot\src\share\vm\prims\jni.cpp, line 710]
Event: 303.387 Thread 0x000000001c8d6800 Exception <a 'sun/nio/fs/WindowsException'> (0x00000000dbbd62a8) thrown at [C:\src\AOSP-openjdk-git\hotspot\src\share\vm\prims\jni.cpp, line 710]
Event: 303.393 Thread 0x000000001c8d6800 Exception <a 'java/lang/NoSuchMethodError': java.lang.Object.lambda$static$0(Lcom/android/apksig/util/RunnablesProvider;)V> (0x00000000dbc38a10) thrown at [C:\src\AOSP-openjdk-git\hotspot\src\share\vm\interpreter\linkResolver.cpp, line 620]
Event: 1668.926 Thread 0x000000001c8dd800 Exception <a 'sun/nio/fs/WindowsException'> (0x00000000e05618c0) thrown at [C:\src\AOSP-openjdk-git\hotspot\src\share\vm\prims\jni.cpp, line 710]

Events (10 events):
Event: 1669.412 loading class org/gradle/api/internal/tasks/execution/ExecuteActionsTaskExecuter$PreviousOutputFileCollection done
Event: 1669.413 loading class org/gradle/api/internal/file/collections/LazilyInitializedFileCollection
Event: 1669.413 loading class org/gradle/api/internal/file/collections/LazilyInitializedFileCollection done
Event: 1669.423 Thread 0x000000001d9e6000 Thread added: 0x000000001d9e6000
Event: 1669.423 Thread 0x000000001d9e3000 Thread added: 0x000000001d9e3000
Event: 1669.426 Executing VM operation: RevokeBias
Event: 1669.426 Executing VM operation: RevokeBias done
Event: 1669.429 Thread 0x000000001d9e4000 Thread added: 0x000000001d9e4000
Event: 1669.442 Thread 0x000000001d9e4800 Thread added: 0x000000001d9e4800
Event: 1669.442 Thread 0x000000001d9e5800 Thread added: 0x000000001d9e5800


Dynamic libraries:
0x00007ff761b60000 - 0x00007ff761b91000 	C:\Program Files\Android\Android Studio\jre\bin\java.exe
0x00007ffb8aef0000 - 0x00007ffb8b0e6000 	C:\Windows\SYSTEM32\ntdll.dll
0x00007ffb89d40000 - 0x00007ffb89dfd000 	C:\Windows\System32\KERNEL32.DLL
0x00007ffb88880000 - 0x00007ffb88b49000 	C:\Windows\System32\KERNELBASE.dll
0x00007ffb88ff0000 - 0x00007ffb8909c000 	C:\Windows\System32\ADVAPI32.dll
0x00007ffb88f50000 - 0x00007ffb88fee000 	C:\Windows\System32\msvcrt.dll
0x00007ffb8a780000 - 0x00007ffb8a81c000 	C:\Windows\System32\sechost.dll
0x00007ffb8a3c0000 - 0x00007ffb8a4eb000 	C:\Windows\System32\RPCRT4.dll
0x00007ffb8a5b0000 - 0x00007ffb8a750000 	C:\Windows\System32\USER32.dll
0x00007ffb88ef0000 - 0x00007ffb88f12000 	C:\Windows\System32\win32u.dll
0x00007ffb8a750000 - 0x00007ffb8a77a000 	C:\Windows\System32\GDI32.dll
0x00007ffb88d60000 - 0x00007ffb88e6b000 	C:\Windows\System32\gdi32full.dll
0x00007ffb887e0000 - 0x00007ffb8887d000 	C:\Windows\System32\msvcp_win.dll
0x00007ffb88bb0000 - 0x00007ffb88cb0000 	C:\Windows\System32\ucrtbase.dll
0x00007ffb75250000 - 0x00007ffb754eb000 	C:\Windows\WinSxS\amd64_microsoft.windows.common-controls_6595b64144ccf1df_6.0.19041.746_none_ca02b4b61b8320a4\COMCTL32.dll
0x00007ffb89530000 - 0x00007ffb89560000 	C:\Windows\System32\IMM32.DLL
0x0000000066000000 - 0x00000000660d2000 	C:\Program Files\Android\Android Studio\jre\jre\bin\msvcr100.dll
0x00000000660e0000 - 0x000000006692b000 	C:\Program Files\Android\Android Studio\jre\jre\bin\server\jvm.dll
0x00007ffb89d10000 - 0x00007ffb89d18000 	C:\Windows\System32\PSAPI.DLL
0x00007ffb797b0000 - 0x00007ffb797d7000 	C:\Windows\SYSTEM32\WINMM.dll
0x00007ffb77d60000 - 0x00007ffb77d69000 	C:\Windows\SYSTEM32\WSOCK32.dll
0x00007ffb833d0000 - 0x00007ffb833da000 	C:\Windows\SYSTEM32\VERSION.dll
0x00007ffb8a820000 - 0x00007ffb8a88b000 	C:\Windows\System32\WS2_32.dll
0x00007ffb77ce0000 - 0x00007ffb77cef000 	C:\Program Files\Android\Android Studio\jre\jre\bin\verify.dll
0x00007ffb42cd0000 - 0x00007ffb42cf9000 	C:\Program Files\Android\Android Studio\jre\jre\bin\java.dll
0x00007ffb45970000 - 0x00007ffb45986000 	C:\Program Files\Android\Android Studio\jre\jre\bin\zip.dll
0x00007ffb895c0000 - 0x00007ffb89d03000 	C:\Windows\System32\SHELL32.dll
0x00007ffb867b0000 - 0x00007ffb86f3f000 	C:\Windows\SYSTEM32\windows.storage.dll
0x00007ffb8a920000 - 0x00007ffb8ac76000 	C:\Windows\System32\combase.dll
0x00007ffb88090000 - 0x00007ffb880bc000 	C:\Windows\SYSTEM32\Wldp.dll
0x00007ffb8ac80000 - 0x00007ffb8ad2e000 	C:\Windows\System32\SHCORE.dll
0x00007ffb8ad30000 - 0x00007ffb8ad85000 	C:\Windows\System32\shlwapi.dll
0x00007ffb88560000 - 0x00007ffb88586000 	C:\Windows\SYSTEM32\profapi.dll
0x00007ffb42d30000 - 0x00007ffb42d4a000 	C:\Program Files\Android\Android Studio\jre\jre\bin\net.dll
0x00007ffb87e10000 - 0x00007ffb87e7a000 	C:\Windows\system32\mswsock.dll
0x00007ffb42c10000 - 0x00007ffb42c23000 	C:\Program Files\Android\Android Studio\jre\jre\bin\nio.dll
0x00007ffb11e00000 - 0x00007ffb11e27000 	C:\Users\ivank\.gradle\native\f6784746aeab05261644944871eae4fe03e0ef1612fff0a4a95f87b438bc6780\windows-amd64\native-platform.dll
0x00007ffb77cb0000 - 0x00007ffb77cbd000 	C:\Program Files\Android\Android Studio\jre\jre\bin\management.dll
0x00007ffb87fe0000 - 0x00007ffb87ff8000 	C:\Windows\SYSTEM32\CRYPTSP.dll
0x00007ffb87740000 - 0x00007ffb87774000 	C:\Windows\system32\rsaenh.dll
0x00007ffb88f20000 - 0x00007ffb88f47000 	C:\Windows\System32\bcrypt.dll
0x00007ffb88520000 - 0x00007ffb8854e000 	C:\Windows\SYSTEM32\USERENV.dll
0x00007ffb88e70000 - 0x00007ffb88ef0000 	C:\Windows\System32\bcryptprimitives.dll
0x00007ffb88000000 - 0x00007ffb8800c000 	C:\Windows\SYSTEM32\CRYPTBASE.dll
0x00007ffb87ab0000 - 0x00007ffb87aeb000 	C:\Windows\SYSTEM32\IPHLPAPI.DLL
0x00007ffb89d20000 - 0x00007ffb89d28000 	C:\Windows\System32\NSI.dll
0x00007ffb827e0000 - 0x00007ffb827f7000 	C:\Windows\SYSTEM32\dhcpcsvc6.DLL
0x00007ffb827a0000 - 0x00007ffb827bd000 	C:\Windows\SYSTEM32\dhcpcsvc.DLL
0x00007ffb87b00000 - 0x00007ffb87bcb000 	C:\Windows\SYSTEM32\DNSAPI.dll
0x00007ffb833e0000 - 0x00007ffb833eb000 	C:\Windows\SYSTEM32\WINNSI.DLL
0x00007ffb1af70000 - 0x00007ffb1af94000 	C:\Program Files\Android\Android Studio\jre\jre\bin\sunec.dll
0x00007ffb77480000 - 0x00007ffb7748a000 	C:\Windows\System32\rasadhlp.dll
0x00007ffb774a0000 - 0x00007ffb7751f000 	C:\Windows\System32\fwpuclnt.dll
0x00007ffb77890000 - 0x00007ffb7789b000 	C:\Program Files\Android\Android Studio\jre\jre\bin\sunmscapi.dll
0x00007ffb88630000 - 0x00007ffb88786000 	C:\Windows\System32\CRYPT32.dll
0x00007ffb0c920000 - 0x00007ffb0cabc000 	C:\Program Files\Android\Android Studio\jre\jre\bin\awt.dll
0x00007ffb890a0000 - 0x00007ffb8916d000 	C:\Windows\System32\OLEAUT32.dll
0x00007ffb862c0000 - 0x00007ffb862ef000 	C:\Windows\SYSTEM32\dwmapi.dll
0x00007ffb84790000 - 0x00007ffb84d50000 	C:\Windows\SYSTEM32\d2d1.dll
0x00007ffb85f20000 - 0x00007ffb85fb0000 	C:\Windows\SYSTEM32\apphelp.dll
0x00007ffb86010000 - 0x00007ffb860ae000 	C:\Windows\system32\uxtheme.dll

VM Arguments:
jvm_args: -Xmx2048m -Dfile.encoding=UTF-8 -Duser.country=RU -Duser.language=ru -Duser.variant 
java_command: org.gradle.launcher.daemon.bootstrap.GradleDaemon 6.5
java_class_path (initial): C:\Users\ivank\.gradle\wrapper\dists\gradle-6.5-bin\6nifqtx7604sqp1q6g8wikw7p\gradle-6.5\lib\gradle-launcher-6.5.jar
Launcher Type: SUN_STANDARD

Environment Variables:
PATH=C:\Windows\system32;C:\Windows;C:\Windows\System32\Wbem;C:\Windows\System32\WindowsPowerShell\v1.0\;C:\Windows\System32\OpenSSH\;C:\Program Files (x86)\NVIDIA Corporation\PhysX\Common;C:\Program Files\NVIDIA Corporation\NVIDIA NvDLISR;C:\Program Files\Git\cmd;C:\Program Files\MySQL\MySQL Shell 8.0\bin\;C:\Users\ivank\AppData\Local\Microsoft\WindowsApps;C:\Program Files\JetBrains\JetBrains Rider 2020.3\bin;;C:\Users\ivank\AppData\Local\Programs\Microsoft VS Code\bin;C:\Program Files\JetBrains\IntelliJ IDEA 2020.3\bin;;C:\Users\ivank\AppData\Local\GitHubDesktop\bin
USERNAME=ivank
OS=Windows_NT
PROCESSOR_IDENTIFIER=AMD64 Family 23 Model 113 Stepping 0, AuthenticAMD



---------------  S Y S T E M  ---------------

OS: Windows 10.0 , 64 bit Build 19041 (10.0.19041.662)

CPU:total 12 (initial active 12) (12 cores per cpu, 1 threads per core) family 23 model 113 stepping 0, cmov, cx8, fxsr, mmx, sse, sse2, sse3, ssse3, sse4.1, sse4.2, popcnt, avx, avx2, aes, clmul, mmxext, 3dnowpref, lzcnt, sse4a, tsc, tscinvbit, tscinv, bmi1

Memory: 4k page, physical 16705308k(678108k free), swap 26945308k(4536k free)

vm_info: OpenJDK 64-Bit Server VM (25.242-b01) for windows-amd64 JRE (1.8.0_242-release-1644-b01), built by "builder" with MS VC++ 10.0 (VS2010)

time: Sat Jan 30 20:30:21 2021
timezone: RTZ 2 (зима)
elapsed time: 1669 seconds (0d 0h 27m 49s)

